


ARM Macro Assembler    Page 1 


    1 00000000                 PRESERVE8
    2 00000000                 THUMB
    3 00000000         
    4 00000000                 export           DFT_ModuleAuCarre
    5 00000000         
    6 00000000         ; ====================== zone de réservation de données,
                         ======================================
    7 00000000         ;Section RAM (read only) :
    8 00000000                 area             mesdata,data,readonly
    9 00000000         
   10 00000000         ;Section RAM (read write):
   11 00000000                 area             maram,data,readwrite
   12 00000000         
   13 00000000         ; ======================================================
                       =========================================
   14 00000000         
   15 00000000         
   16 00000000         
   17 00000000         
   18 00000000         ;Section ROM code (read only) :  
   19 00000000                 area             moncode,code,readonly
   20 00000000         ; écrire le code ici  
   21 00000000         
   22 00000000         ;r0 = &LeSignal, r1 = k, r2 = TabCos/Sin
   23 00000000         somme   proc                         ;somme de 0 à 63
   24 00000000 B4F0            push             {r4, r5, r6, r7}
   25 00000002 F04F 0300       mov              r3, #0      ;somme = 0
   26 00000006 F04F 0400       mov              r4, #0      ;r4 = 0 c'est notre
                                                             index (n)
   27 0000000A         
   28 0000000A         deb_boucle
   29 0000000A FB04 F701       mul              r7, r4, r1  ;r7 = p = n.k
   30 0000000E F007 073F       and              r7, #63     ;p = p%64
   31 00000012         
   32 00000012 F930 5014       ldrsh            r5, [r0, r4, lsl #1] ;on récupè
                                                            re x(n) format 1.12
                                                             car ça ne dépasse 
                                                            jamais 1
   33 00000016 F932 6017       ldrsh            r6, [r2, r7, lsl #1] ;on récupè
                                                            re cos(2pi*k*n/64) 
                                                            ou sin format 1.15
   34 0000001A         
   35 0000001A FB05 F506       mul              r5, r6      ;codage frac 2.27
   36 0000001E EA4F 1565       asr              r5, #5      ;format 2.22 on sup
                                                            prime les 5 dernier
                                                            s chiffres, asr et 
                                                            pas lsr parce que s
                                                            igné
   37 00000022 442B            add              r3, r5      ;somme += x(n)*cos(
                                                            ...), codage frac 2
                                                            .22
   38 00000024         
   39 00000024 F104 0401       add              r4, #1      ;r4++ on incrémente
                                                             l'index
   40 00000028 2C40            cmp              r4, #64
   41 0000002A DBEE            blt              deb_boucle  ;boucler si index <
                                                             64, sinon on conti
                                                            nue
   42 0000002C         



ARM Macro Assembler    Page 2 


   43 0000002C BCF0            pop              {r4, r5, r6, r7}
   44 0000002E 4618            mov              r0, r3      ; r0 : format 2.22 
                                                            max 8.22 à cause de
                                                            s retenues (car 2^6
                                                             = 64)
   45 00000030 EA4F 30A0       asr              r0, #14     ; on se pépare au c
                                                            arré (format 8.8) 
   46 00000034 FB00 F000       mul              r0, r0      ; r0 au format 16.1
                                                            6
   47 00000038         
   48 00000038 4770            bx               lr
   49 0000003A                 endp
   50 0000003A         
   51 0000003A         ;r0 = &LeSignal, r1 = k
   52 0000003A         DFT_ModuleAuCarre
                               proc
   53 0000003A B570            push             {r4-r6, lr}
   54 0000003C 4605            mov              r5, r0      ; r5 = &LeSignal
   55 0000003E 460E            mov              r6, r1      ; r6 = k
   56 00000040         
   57 00000040 4A06            ldr              r2, =TabCos ; r2 = &TabCos
   58 00000042 F7FF FFFE       bl               somme
   59 00000046 4604            mov              r4, r0      ; r4 = (partie réel
                                                            le de X(k))^2
   60 00000048         
   61 00000048 4628            mov              r0, r5
   62 0000004A 4631            mov              r1, r6
   63 0000004C 4A04            ldr              r2, =TabSin
   64 0000004E F7FF FFFE       bl               somme
   65 00000052 4404            add              r4, r0      ; r4 = total
   66 00000054         
   67 00000054 4620            mov              r0, r4      ; retour
   68 00000056         
   69 00000056 E8BD 4070       pop              {r4-r6, lr}
   70 0000005A 4770            bx               lr
   71 0000005C                 endp
   72 0000005C         
   73 0000005C         ;Section ROM code (read only) :  
   74 0000005C 00000000 
              00000000         AREA             Trigo, DATA, READONLY
   75 00000000         ; codage fractionnaire 1.15
   76 00000000         
   77 00000000         TabCos
   78 00000000 FF 7F           DCW              32767       ;  0 0x7fff  0.9999
                                                            7
   79 00000002 62 7F           DCW              32610       ;  1 0x7f62  0.9951
                                                            8
   80 00000004 8A 7D           DCW              32138       ;  2 0x7d8a  0.9807
                                                            7
   81 00000006 7D 7A           DCW              31357       ;  3 0x7a7d  0.9569
                                                            4
   82 00000008 42 76           DCW              30274       ;  4 0x7642  0.9238
                                                            9
   83 0000000A E3 70           DCW              28899       ;  5 0x70e3  0.8819
                                                            3
   84 0000000C 6E 6A           DCW              27246       ;  6 0x6a6e  0.8314
                                                            8
   85 0000000E F2 62           DCW              25330       ;  7 0x62f2  0.7730
                                                            1



ARM Macro Assembler    Page 3 


   86 00000010 82 5A           DCW              23170       ;  8 0x5a82  0.7070
                                                            9
   87 00000012 34 51           DCW              20788       ;  9 0x5134  0.6344
                                                            0
   88 00000014 1D 47           DCW              18205       ; 10 0x471d  0.5555
                                                            7
   89 00000016 57 3C           DCW              15447       ; 11 0x3c57  0.4714
                                                            1
   90 00000018 FC 30           DCW              12540       ; 12 0x30fc  0.3826
                                                            9
   91 0000001A 28 25           DCW              9512        ; 13 0x2528  0.2902
                                                            8
   92 0000001C F9 18           DCW              6393        ; 14 0x18f9  0.1951
                                                            0
   93 0000001E 8C 0C           DCW              3212        ; 15 0x0c8c  0.0980
                                                            2
   94 00000020 00 00           DCW              0           ; 16 0x0000  0.0000
                                                            0
   95 00000022 74 F3           DCW              -3212       ; 17 0xf374 -0.0980
                                                            2
   96 00000024 07 E7           DCW              -6393       ; 18 0xe707 -0.1951
                                                            0
   97 00000026 D8 DA           DCW              -9512       ; 19 0xdad8 -0.2902
                                                            8
   98 00000028 04 CF           DCW              -12540      ; 20 0xcf04 -0.3826
                                                            9
   99 0000002A A9 C3           DCW              -15447      ; 21 0xc3a9 -0.4714
                                                            1
  100 0000002C E3 B8           DCW              -18205      ; 22 0xb8e3 -0.5555
                                                            7
  101 0000002E CC AE           DCW              -20788      ; 23 0xaecc -0.6344
                                                            0
  102 00000030 7E A5           DCW              -23170      ; 24 0xa57e -0.7070
                                                            9
  103 00000032 0E 9D           DCW              -25330      ; 25 0x9d0e -0.7730
                                                            1
  104 00000034 92 95           DCW              -27246      ; 26 0x9592 -0.8314
                                                            8
  105 00000036 1D 8F           DCW              -28899      ; 27 0x8f1d -0.8819
                                                            3
  106 00000038 BE 89           DCW              -30274      ; 28 0x89be -0.9238
                                                            9
  107 0000003A 83 85           DCW              -31357      ; 29 0x8583 -0.9569
                                                            4
  108 0000003C 76 82           DCW              -32138      ; 30 0x8276 -0.9807
                                                            7
  109 0000003E 9E 80           DCW              -32610      ; 31 0x809e -0.9951
                                                            8
  110 00000040 00 80           DCW              -32768      ; 32 0x8000 -1.0000
                                                            0
  111 00000042 9E 80           DCW              -32610      ; 33 0x809e -0.9951
                                                            8
  112 00000044 76 82           DCW              -32138      ; 34 0x8276 -0.9807
                                                            7
  113 00000046 83 85           DCW              -31357      ; 35 0x8583 -0.9569
                                                            4
  114 00000048 BE 89           DCW              -30274      ; 36 0x89be -0.9238
                                                            9
  115 0000004A 1D 8F           DCW              -28899      ; 37 0x8f1d -0.8819



ARM Macro Assembler    Page 4 


                                                            3
  116 0000004C 92 95           DCW              -27246      ; 38 0x9592 -0.8314
                                                            8
  117 0000004E 0E 9D           DCW              -25330      ; 39 0x9d0e -0.7730
                                                            1
  118 00000050 7E A5           DCW              -23170      ; 40 0xa57e -0.7070
                                                            9
  119 00000052 CC AE           DCW              -20788      ; 41 0xaecc -0.6344
                                                            0
  120 00000054 E3 B8           DCW              -18205      ; 42 0xb8e3 -0.5555
                                                            7
  121 00000056 A9 C3           DCW              -15447      ; 43 0xc3a9 -0.4714
                                                            1
  122 00000058 04 CF           DCW              -12540      ; 44 0xcf04 -0.3826
                                                            9
  123 0000005A D8 DA           DCW              -9512       ; 45 0xdad8 -0.2902
                                                            8
  124 0000005C 07 E7           DCW              -6393       ; 46 0xe707 -0.1951
                                                            0
  125 0000005E 74 F3           DCW              -3212       ; 47 0xf374 -0.0980
                                                            2
  126 00000060 00 00           DCW              0           ; 48 0x0000  0.0000
                                                            0
  127 00000062 8C 0C           DCW              3212        ; 49 0x0c8c  0.0980
                                                            2
  128 00000064 F9 18           DCW              6393        ; 50 0x18f9  0.1951
                                                            0
  129 00000066 28 25           DCW              9512        ; 51 0x2528  0.2902
                                                            8
  130 00000068 FC 30           DCW              12540       ; 52 0x30fc  0.3826
                                                            9
  131 0000006A 57 3C           DCW              15447       ; 53 0x3c57  0.4714
                                                            1
  132 0000006C 1D 47           DCW              18205       ; 54 0x471d  0.5555
                                                            7
  133 0000006E 34 51           DCW              20788       ; 55 0x5134  0.6344
                                                            0
  134 00000070 82 5A           DCW              23170       ; 56 0x5a82  0.7070
                                                            9
  135 00000072 F2 62           DCW              25330       ; 57 0x62f2  0.7730
                                                            1
  136 00000074 6E 6A           DCW              27246       ; 58 0x6a6e  0.8314
                                                            8
  137 00000076 E3 70           DCW              28899       ; 59 0x70e3  0.8819
                                                            3
  138 00000078 42 76           DCW              30274       ; 60 0x7642  0.9238
                                                            9
  139 0000007A 7D 7A           DCW              31357       ; 61 0x7a7d  0.9569
                                                            4
  140 0000007C 8A 7D           DCW              32138       ; 62 0x7d8a  0.9807
                                                            7
  141 0000007E 62 7F           DCW              32610       ; 63 0x7f62  0.9951
                                                            8
  142 00000080         TabSin
  143 00000080 00 00           DCW              0           ;  0 0x0000  0.0000
                                                            0
  144 00000082 8C 0C           DCW              3212        ;  1 0x0c8c  0.0980
                                                            2
  145 00000084 F9 18           DCW              6393        ;  2 0x18f9  0.1951



ARM Macro Assembler    Page 5 


                                                            0
  146 00000086 28 25           DCW              9512        ;  3 0x2528  0.2902
                                                            8
  147 00000088 FC 30           DCW              12540       ;  4 0x30fc  0.3826
                                                            9
  148 0000008A 57 3C           DCW              15447       ;  5 0x3c57  0.4714
                                                            1
  149 0000008C 1D 47           DCW              18205       ;  6 0x471d  0.5555
                                                            7
  150 0000008E 34 51           DCW              20788       ;  7 0x5134  0.6344
                                                            0
  151 00000090 82 5A           DCW              23170       ;  8 0x5a82  0.7070
                                                            9
  152 00000092 F2 62           DCW              25330       ;  9 0x62f2  0.7730
                                                            1
  153 00000094 6E 6A           DCW              27246       ; 10 0x6a6e  0.8314
                                                            8
  154 00000096 E3 70           DCW              28899       ; 11 0x70e3  0.8819
                                                            3
  155 00000098 42 76           DCW              30274       ; 12 0x7642  0.9238
                                                            9
  156 0000009A 7D 7A           DCW              31357       ; 13 0x7a7d  0.9569
                                                            4
  157 0000009C 8A 7D           DCW              32138       ; 14 0x7d8a  0.9807
                                                            7
  158 0000009E 62 7F           DCW              32610       ; 15 0x7f62  0.9951
                                                            8
  159 000000A0 FF 7F           DCW              32767       ; 16 0x7fff  0.9999
                                                            7
  160 000000A2 62 7F           DCW              32610       ; 17 0x7f62  0.9951
                                                            8
  161 000000A4 8A 7D           DCW              32138       ; 18 0x7d8a  0.9807
                                                            7
  162 000000A6 7D 7A           DCW              31357       ; 19 0x7a7d  0.9569
                                                            4
  163 000000A8 42 76           DCW              30274       ; 20 0x7642  0.9238
                                                            9
  164 000000AA E3 70           DCW              28899       ; 21 0x70e3  0.8819
                                                            3
  165 000000AC 6E 6A           DCW              27246       ; 22 0x6a6e  0.8314
                                                            8
  166 000000AE F2 62           DCW              25330       ; 23 0x62f2  0.7730
                                                            1
  167 000000B0 82 5A           DCW              23170       ; 24 0x5a82  0.7070
                                                            9
  168 000000B2 34 51           DCW              20788       ; 25 0x5134  0.6344
                                                            0
  169 000000B4 1D 47           DCW              18205       ; 26 0x471d  0.5555
                                                            7
  170 000000B6 57 3C           DCW              15447       ; 27 0x3c57  0.4714
                                                            1
  171 000000B8 FC 30           DCW              12540       ; 28 0x30fc  0.3826
                                                            9
  172 000000BA 28 25           DCW              9512        ; 29 0x2528  0.2902
                                                            8
  173 000000BC F9 18           DCW              6393        ; 30 0x18f9  0.1951
                                                            0
  174 000000BE 8C 0C           DCW              3212        ; 31 0x0c8c  0.0980
                                                            2



ARM Macro Assembler    Page 6 


  175 000000C0 00 00           DCW              0           ; 32 0x0000  0.0000
                                                            0
  176 000000C2 74 F3           DCW              -3212       ; 33 0xf374 -0.0980
                                                            2
  177 000000C4 07 E7           DCW              -6393       ; 34 0xe707 -0.1951
                                                            0
  178 000000C6 D8 DA           DCW              -9512       ; 35 0xdad8 -0.2902
                                                            8
  179 000000C8 04 CF           DCW              -12540      ; 36 0xcf04 -0.3826
                                                            9
  180 000000CA A9 C3           DCW              -15447      ; 37 0xc3a9 -0.4714
                                                            1
  181 000000CC E3 B8           DCW              -18205      ; 38 0xb8e3 -0.5555
                                                            7
  182 000000CE CC AE           DCW              -20788      ; 39 0xaecc -0.6344
                                                            0
  183 000000D0 7E A5           DCW              -23170      ; 40 0xa57e -0.7070
                                                            9
  184 000000D2 0E 9D           DCW              -25330      ; 41 0x9d0e -0.7730
                                                            1
  185 000000D4 92 95           DCW              -27246      ; 42 0x9592 -0.8314
                                                            8
  186 000000D6 1D 8F           DCW              -28899      ; 43 0x8f1d -0.8819
                                                            3
  187 000000D8 BE 89           DCW              -30274      ; 44 0x89be -0.9238
                                                            9
  188 000000DA 83 85           DCW              -31357      ; 45 0x8583 -0.9569
                                                            4
  189 000000DC 76 82           DCW              -32138      ; 46 0x8276 -0.9807
                                                            7
  190 000000DE 9E 80           DCW              -32610      ; 47 0x809e -0.9951
                                                            8
  191 000000E0 00 80           DCW              -32768      ; 48 0x8000 -1.0000
                                                            0
  192 000000E2 9E 80           DCW              -32610      ; 49 0x809e -0.9951
                                                            8
  193 000000E4 76 82           DCW              -32138      ; 50 0x8276 -0.9807
                                                            7
  194 000000E6 83 85           DCW              -31357      ; 51 0x8583 -0.9569
                                                            4
  195 000000E8 BE 89           DCW              -30274      ; 52 0x89be -0.9238
                                                            9
  196 000000EA 1D 8F           DCW              -28899      ; 53 0x8f1d -0.8819
                                                            3
  197 000000EC 92 95           DCW              -27246      ; 54 0x9592 -0.8314
                                                            8
  198 000000EE 0E 9D           DCW              -25330      ; 55 0x9d0e -0.7730
                                                            1
  199 000000F0 7E A5           DCW              -23170      ; 56 0xa57e -0.7070
                                                            9
  200 000000F2 CC AE           DCW              -20788      ; 57 0xaecc -0.6344
                                                            0
  201 000000F4 E3 B8           DCW              -18205      ; 58 0xb8e3 -0.5555
                                                            7
  202 000000F6 A9 C3           DCW              -15447      ; 59 0xc3a9 -0.4714
                                                            1
  203 000000F8 04 CF           DCW              -12540      ; 60 0xcf04 -0.3826
                                                            9
  204 000000FA D8 DA           DCW              -9512       ; 61 0xdad8 -0.2902



ARM Macro Assembler    Page 7 


                                                            8
  205 000000FC 07 E7           DCW              -6393       ; 62 0xe707 -0.1951
                                                            0
  206 000000FE 74 F3           DCW              -3212       ; 63 0xf374 -0.0980
                                                            2
  207 00000100         
  208 00000100         
  209 00000100         
  210 00000100         
  211 00000100                 END
Command Line: --debug --xref --diag_suppress=9931 --cpu=Cortex-M3 --apcs=interw
ork --depend=.\obj\dft.d -o.\obj\dft.o -I.\RTE\_CibleSondeKEIL -IC:\Programdata
\Keil\Arm\Packs\ARM\CMSIS\5.7.0\CMSIS\Core\Include -IC:\Programdata\Keil\Arm\Pa
cks\Keil\STM32F1xx_DFP\2.3.0\Device\Include --predefine="__EVAL SETA 1" --prede
fine="__MICROLIB SETA 1" --predefine="__UVISION_VERSION SETA 534" --predefine="
_RTE_ SETA 1" --predefine="STM32F10X_MD SETA 1" --predefine="_RTE_ SETA 1" --li
st=dft.lst Src\DFT.s



ARM Macro Assembler    Page 1 Alphabetic symbol ordering
Relocatable symbols

mesdata 00000000

Symbol: mesdata
   Definitions
      At line 8 in file Src\DFT.s
   Uses
      None
Comment: mesdata unused
1 symbol



ARM Macro Assembler    Page 1 Alphabetic symbol ordering
Relocatable symbols

maram 00000000

Symbol: maram
   Definitions
      At line 11 in file Src\DFT.s
   Uses
      None
Comment: maram unused
1 symbol



ARM Macro Assembler    Page 1 Alphabetic symbol ordering
Relocatable symbols

DFT_ModuleAuCarre 0000003A

Symbol: DFT_ModuleAuCarre
   Definitions
      At line 52 in file Src\DFT.s
   Uses
      At line 4 in file Src\DFT.s
Comment: DFT_ModuleAuCarre used once
deb_boucle 0000000A

Symbol: deb_boucle
   Definitions
      At line 28 in file Src\DFT.s
   Uses
      At line 41 in file Src\DFT.s
Comment: deb_boucle used once
moncode 00000000

Symbol: moncode
   Definitions
      At line 19 in file Src\DFT.s
   Uses
      None
Comment: moncode unused
somme 00000000

Symbol: somme
   Definitions
      At line 23 in file Src\DFT.s
   Uses
      At line 58 in file Src\DFT.s
      At line 64 in file Src\DFT.s

4 symbols



ARM Macro Assembler    Page 1 Alphabetic symbol ordering
Relocatable symbols

TabCos 00000000

Symbol: TabCos
   Definitions
      At line 77 in file Src\DFT.s
   Uses
      At line 57 in file Src\DFT.s
Comment: TabCos used once
TabSin 00000080

Symbol: TabSin
   Definitions
      At line 142 in file Src\DFT.s
   Uses
      At line 63 in file Src\DFT.s
Comment: TabSin used once
Trigo 00000000

Symbol: Trigo
   Definitions
      At line 74 in file Src\DFT.s
   Uses
      None
Comment: Trigo unused
3 symbols
346 symbols in table
